kotlin version: 2.0.0
error message: org.jetbrains.kotlin.util.FileAnalysisException: While analysing C:/Users/hp/Desktop/Collabrixx/Research-collaboration-app/app/src/main/java/com/project/collabrix/ui/screens/Student/Pages/DashboardPage.kt:85:5: org.jetbrains.kotlin.utils.exceptions.KotlinIllegalArgumentExceptionWithAttachments: Exception was thrown during transformation of class org.jetbrains.kotlin.fir.expressions.impl.FirFunctionCallImpl
	at org.jetbrains.kotlin.util.AnalysisExceptionsKt.wrapIntoFileAnalysisExceptionIfNeeded(AnalysisExceptions.kt:56)
	at org.jetbrains.kotlin.fir.FirCliExceptionHandler.handleExceptionOnFileAnalysis(Utils.kt:180)
	at org.jetbrains.kotlin.fir.backend.Fir2IrConverter.runSourcesConversion(Fir2IrConverter.kt:783)
	at org.jetbrains.kotlin.fir.backend.Fir2IrConverter.access$runSourcesConversion(Fir2IrConverter.kt:65)
	at org.jetbrains.kotlin.fir.backend.Fir2IrConverter$Companion.createIrModuleFragment(Fir2IrConverter.kt:767)
	at org.jetbrains.kotlin.fir.pipeline.ConvertToIrKt.convertToIr(convertToIr.kt:245)
	at org.jetbrains.kotlin.fir.pipeline.ConvertToIrKt.convertToIrAndActualize(convertToIr.kt:82)
	at org.jetbrains.kotlin.fir.pipeline.ConvertToIrKt.convertToIrAndActualize$default(convertToIr.kt:65)
	at org.jetbrains.kotlin.cli.jvm.compiler.pipeline.JvmCompilerPipelineKt.convertToIrAndActualizeForJvm(jvmCompilerPipeline.kt:193)
	at org.jetbrains.kotlin.cli.jvm.compiler.pipeline.JvmCompilerPipelineKt.convertAnalyzedFirToIr(jvmCompilerPipeline.kt:167)
	at org.jetbrains.kotlin.cli.jvm.compiler.pipeline.JvmCompilerPipelineKt.compileModulesUsingFrontendIrAndLightTree(jvmCompilerPipeline.kt:138)
	at org.jetbrains.kotlin.cli.jvm.K2JVMCompiler.doExecute(K2JVMCompiler.kt:155)
	at org.jetbrains.kotlin.cli.jvm.K2JVMCompiler.doExecute(K2JVMCompiler.kt:50)
	at org.jetbrains.kotlin.cli.common.CLICompiler.execImpl(CLICompiler.kt:104)
	at org.jetbrains.kotlin.cli.common.CLICompiler.execImpl(CLICompiler.kt:48)
	at org.jetbrains.kotlin.cli.common.CLITool.exec(CLITool.kt:101)
	at org.jetbrains.kotlin.incremental.IncrementalJvmCompilerRunner.runCompiler(IncrementalJvmCompilerRunner.kt:453)
	at org.jetbrains.kotlin.incremental.IncrementalJvmCompilerRunner.runCompiler(IncrementalJvmCompilerRunner.kt:62)
	at org.jetbrains.kotlin.incremental.IncrementalCompilerRunner.doCompile(IncrementalCompilerRunner.kt:506)
	at org.jetbrains.kotlin.incremental.IncrementalCompilerRunner.compileImpl(IncrementalCompilerRunner.kt:423)
	at org.jetbrains.kotlin.incremental.IncrementalCompilerRunner.tryCompileIncrementally$lambda$9$compile(IncrementalCompilerRunner.kt:249)
	at org.jetbrains.kotlin.incremental.IncrementalCompilerRunner.tryCompileIncrementally(IncrementalCompilerRunner.kt:267)
	at org.jetbrains.kotlin.incremental.IncrementalCompilerRunner.compile(IncrementalCompilerRunner.kt:120)
	at org.jetbrains.kotlin.daemon.CompileServiceImplBase.execIncrementalCompiler(CompileServiceImpl.kt:676)
	at org.jetbrains.kotlin.daemon.CompileServiceImplBase.access$execIncrementalCompiler(CompileServiceImpl.kt:92)
	at org.jetbrains.kotlin.daemon.CompileServiceImpl.compile(CompileServiceImpl.kt:1661)
	at java.base/jdk.internal.reflect.DirectMethodHandleAccessor.invoke(Unknown Source)
	at java.base/java.lang.reflect.Method.invoke(Unknown Source)
	at java.rmi/sun.rmi.server.UnicastServerRef.dispatch(Unknown Source)
	at java.rmi/sun.rmi.transport.Transport$1.run(Unknown Source)
	at java.rmi/sun.rmi.transport.Transport$1.run(Unknown Source)
	at java.base/java.security.AccessController.doPrivileged(Unknown Source)
	at java.rmi/sun.rmi.transport.Transport.serviceCall(Unknown Source)
	at java.rmi/sun.rmi.transport.tcp.TCPTransport.handleMessages(Unknown Source)
	at java.rmi/sun.rmi.transport.tcp.TCPTransport$ConnectionHandler.run0(Unknown Source)
	at java.rmi/sun.rmi.transport.tcp.TCPTransport$ConnectionHandler.lambda$run$0(Unknown Source)
	at java.base/java.security.AccessController.doPrivileged(Unknown Source)
	at java.rmi/sun.rmi.transport.tcp.TCPTransport$ConnectionHandler.run(Unknown Source)
	at java.base/java.util.concurrent.ThreadPoolExecutor.runWorker(Unknown Source)
	at java.base/java.util.concurrent.ThreadPoolExecutor$Worker.run(Unknown Source)
	at java.base/java.lang.Thread.run(Unknown Source)
Caused by: org.jetbrains.kotlin.utils.exceptions.KotlinIllegalArgumentExceptionWithAttachments: Exception was thrown during transformation of class org.jetbrains.kotlin.fir.expressions.impl.FirFunctionCallImpl
	at org.jetbrains.kotlin.fir.backend.generators.CallAndReferenceGenerator.convertToIrCall(CallAndReferenceGenerator.kt:1402)
	at org.jetbrains.kotlin.fir.backend.generators.CallAndReferenceGenerator.convertToIrCall$default(CallAndReferenceGenerator.kt:406)
	at org.jetbrains.kotlin.fir.backend.Fir2IrVisitor.convertToIrCall(Fir2IrVisitor.kt:579)
	at org.jetbrains.kotlin.fir.backend.Fir2IrVisitor.convertToIrCall(Fir2IrVisitor.kt:568)
	at org.jetbrains.kotlin.fir.backend.Fir2IrVisitor.visitFunctionCall(Fir2IrVisitor.kt:608)
	at org.jetbrains.kotlin.fir.backend.Fir2IrVisitor.visitFunctionCall(Fir2IrVisitor.kt:62)
	at org.jetbrains.kotlin.fir.expressions.FirFunctionCall.accept(FirFunctionCall.kt:41)
	at org.jetbrains.kotlin.fir.backend.Fir2IrVisitor.toIrStatement(Fir2IrVisitor.kt:895)
	at org.jetbrains.kotlin.fir.backend.Fir2IrVisitor.mapToIrStatements(Fir2IrVisitor.kt:992)
	at org.jetbrains.kotlin.fir.backend.Fir2IrVisitor.mapToIrStatements$default(Fir2IrVisitor.kt:971)
	at org.jetbrains.kotlin.fir.backend.Fir2IrVisitor.convertToIrBlockBody$fir2ir(Fir2IrVisitor.kt:1010)
	at org.jetbrains.kotlin.fir.backend.generators.ClassMemberGenerator.convertFunctionContent(ClassMemberGenerator.kt:200)
	at org.jetbrains.kotlin.fir.backend.Fir2IrVisitor.visitSimpleFunction(Fir2IrVisitor.kt:413)
	at org.jetbrains.kotlin.fir.backend.Fir2IrVisitor.visitSimpleFunction(Fir2IrVisitor.kt:62)
	at org.jetbrains.kotlin.fir.declarations.FirSimpleFunction.accept(FirSimpleFunction.kt:51)
	at org.jetbrains.kotlin.fir.backend.Fir2IrVisitor.toIrDeclaration(Fir2IrVisitor.kt:118)
	at org.jetbrains.kotlin.fir.backend.Fir2IrVisitor.visitFile(Fir2IrVisitor.kt:109)
	at org.jetbrains.kotlin.fir.backend.Fir2IrVisitor.visitFile(Fir2IrVisitor.kt:62)
	at org.jetbrains.kotlin.fir.declarations.FirFile.accept(FirFile.kt:42)
	at org.jetbrains.kotlin.fir.backend.Fir2IrConverter.runSourcesConversion(Fir2IrConverter.kt:119)
	... 38 more
Caused by: org.jetbrains.kotlin.util.SourceCodeAnalysisException: org.jetbrains.kotlin.utils.exceptions.KotlinIllegalArgumentExceptionWithAttachments: Exception was thrown during transformation of class org.jetbrains.kotlin.fir.expressions.impl.FirFunctionCallImpl
	at org.jetbrains.kotlin.util.AnalysisExceptionsKt.wrapIntoSourceCodeAnalysisExceptionIfNeeded(AnalysisExceptions.kt:27)
	at org.jetbrains.kotlin.fir.FirCliExceptionHandler.handleExceptionOnElementAnalysis(Utils.kt:176)
	at org.jetbrains.kotlin.fir.backend.Fir2IrVisitor.visitFunctionCall(Fir2IrVisitor.kt:2103)
	at org.jetbrains.kotlin.fir.backend.Fir2IrVisitor.visitFunctionCall(Fir2IrVisitor.kt:62)
	at org.jetbrains.kotlin.fir.expressions.FirFunctionCall.accept(FirFunctionCall.kt:41)
	at org.jetbrains.kotlin.fir.backend.Fir2IrVisitor.toIrStatement(Fir2IrVisitor.kt:895)
	at org.jetbrains.kotlin.fir.backend.Fir2IrVisitor.mapToIrStatements(Fir2IrVisitor.kt:992)
	at org.jetbrains.kotlin.fir.backend.Fir2IrVisitor.mapToIrStatements$default(Fir2IrVisitor.kt:971)
	at org.jetbrains.kotlin.fir.backend.Fir2IrVisitor.convertToIrBlockBody$fir2ir(Fir2IrVisitor.kt:1010)
	at org.jetbrains.kotlin.fir.backend.generators.ClassMemberGenerator.convertFunctionContent(ClassMemberGenerator.kt:200)
	at org.jetbrains.kotlin.fir.backend.Fir2IrVisitor.visitAnonymousFunction(Fir2IrVisitor.kt:435)
	at org.jetbrains.kotlin.fir.backend.Fir2IrVisitor.visitAnonymousFunctionExpression(Fir2IrVisitor.kt:420)
	at org.jetbrains.kotlin.fir.backend.Fir2IrVisitor.visitAnonymousFunctionExpression(Fir2IrVisitor.kt:62)
	at org.jetbrains.kotlin.fir.expressions.FirAnonymousFunctionExpression.accept(FirAnonymousFunctionExpression.kt:30)
	at org.jetbrains.kotlin.fir.backend.Fir2IrVisitor.convertToIrExpression$fir2ir(Fir2IrVisitor.kt:927)
	at org.jetbrains.kotlin.fir.backend.Fir2IrVisitor.convertToIrExpression$fir2ir$default(Fir2IrVisitor.kt:898)
	at org.jetbrains.kotlin.fir.backend.generators.CallAndReferenceGenerator.convertArgument(CallAndReferenceGenerator.kt:1070)
	at org.jetbrains.kotlin.fir.backend.generators.CallAndReferenceGenerator.applyArgumentsWithReorderingIfNeeded(CallAndReferenceGenerator.kt:991)
	at org.jetbrains.kotlin.fir.backend.generators.CallAndReferenceGenerator.applyCallArguments$fir2ir(CallAndReferenceGenerator.kt:918)
	at org.jetbrains.kotlin.fir.backend.generators.CallAndReferenceGenerator.convertToIrCall(CallAndReferenceGenerator.kt:568)
	... 57 more
Caused by: org.jetbrains.kotlin.utils.exceptions.KotlinIllegalArgumentExceptionWithAttachments: Exception was thrown during transformation of class org.jetbrains.kotlin.fir.expressions.impl.FirFunctionCallImpl
	at org.jetbrains.kotlin.fir.backend.generators.CallAndReferenceGenerator.convertToIrCall(CallAndReferenceGenerator.kt:1402)
	at org.jetbrains.kotlin.fir.backend.generators.CallAndReferenceGenerator.convertToIrCall$default(CallAndReferenceGenerator.kt:406)
	at org.jetbrains.kotlin.fir.backend.Fir2IrVisitor.convertToIrCall(Fir2IrVisitor.kt:579)
	at org.jetbrains.kotlin.fir.backend.Fir2IrVisitor.convertToIrCall(Fir2IrVisitor.kt:568)
	at org.jetbrains.kotlin.fir.backend.Fir2IrVisitor.visitFunctionCall(Fir2IrVisitor.kt:608)
	... 74 more
Caused by: org.jetbrains.kotlin.util.SourceCodeAnalysisException: org.jetbrains.kotlin.utils.exceptions.KotlinIllegalArgumentExceptionWithAttachments: Exception was thrown during transformation of class org.jetbrains.kotlin.fir.expressions.impl.FirFunctionCallImpl
	at org.jetbrains.kotlin.util.AnalysisExceptionsKt.wrapIntoSourceCodeAnalysisExceptionIfNeeded(AnalysisExceptions.kt:27)
	at org.jetbrains.kotlin.fir.FirCliExceptionHandler.handleExceptionOnElementAnalysis(Utils.kt:176)
	at org.jetbrains.kotlin.fir.backend.Fir2IrVisitor.visitFunctionCall(Fir2IrVisitor.kt:2103)
	at org.jetbrains.kotlin.fir.backend.Fir2IrVisitor.visitFunctionCall(Fir2IrVisitor.kt:62)
	at org.jetbrains.kotlin.fir.expressions.FirFunctionCall.accept(FirFunctionCall.kt:41)
	at org.jetbrains.kotlin.fir.backend.Fir2IrVisitor.toIrStatement(Fir2IrVisitor.kt:895)
	at org.jetbrains.kotlin.fir.backend.Fir2IrVisitor.mapToIrStatements(Fir2IrVisitor.kt:992)
	at org.jetbrains.kotlin.fir.backend.Fir2IrVisitor.mapToIrStatements$default(Fir2IrVisitor.kt:971)
	at org.jetbrains.kotlin.fir.backend.Fir2IrVisitor.convertToIrBlockBody$fir2ir(Fir2IrVisitor.kt:1010)
	at org.jetbrains.kotlin.fir.backend.generators.ClassMemberGenerator.convertFunctionContent(ClassMemberGenerator.kt:200)
	at org.jetbrains.kotlin.fir.backend.Fir2IrVisitor.visitAnonymousFunction(Fir2IrVisitor.kt:435)
	at org.jetbrains.kotlin.fir.backend.Fir2IrVisitor.visitAnonymousFunctionExpression(Fir2IrVisitor.kt:420)
	at org.jetbrains.kotlin.fir.backend.Fir2IrVisitor.visitAnonymousFunctionExpression(Fir2IrVisitor.kt:62)
	at org.jetbrains.kotlin.fir.expressions.FirAnonymousFunctionExpression.accept(FirAnonymousFunctionExpression.kt:30)
	at org.jetbrains.kotlin.fir.backend.Fir2IrVisitor.convertToIrExpression$fir2ir(Fir2IrVisitor.kt:927)
	at org.jetbrains.kotlin.fir.backend.Fir2IrVisitor.convertToIrExpression$fir2ir$default(Fir2IrVisitor.kt:898)
	at org.jetbrains.kotlin.fir.backend.generators.CallAndReferenceGenerator.convertArgument(CallAndReferenceGenerator.kt:1070)
	at org.jetbrains.kotlin.fir.backend.generators.CallAndReferenceGenerator.applyArgumentsWithReorderingIfNeeded(CallAndReferenceGenerator.kt:991)
	at org.jetbrains.kotlin.fir.backend.generators.CallAndReferenceGenerator.applyCallArguments$fir2ir(CallAndReferenceGenerator.kt:918)
	at org.jetbrains.kotlin.fir.backend.generators.CallAndReferenceGenerator.convertToIrCall(CallAndReferenceGenerator.kt:568)
	... 78 more
Caused by: org.jetbrains.kotlin.utils.exceptions.KotlinIllegalArgumentExceptionWithAttachments: Exception was thrown during transformation of class org.jetbrains.kotlin.fir.expressions.impl.FirFunctionCallImpl
	at org.jetbrains.kotlin.fir.backend.generators.CallAndReferenceGenerator.convertToIrCall(CallAndReferenceGenerator.kt:1402)
	at org.jetbrains.kotlin.fir.backend.generators.CallAndReferenceGenerator.convertToIrCall$default(CallAndReferenceGenerator.kt:406)
	at org.jetbrains.kotlin.fir.backend.Fir2IrVisitor.convertToIrCall(Fir2IrVisitor.kt:579)
	at org.jetbrains.kotlin.fir.backend.Fir2IrVisitor.convertToIrCall(Fir2IrVisitor.kt:568)
	at org.jetbrains.kotlin.fir.backend.Fir2IrVisitor.visitFunctionCall(Fir2IrVisitor.kt:608)
	... 95 more
Caused by: org.jetbrains.kotlin.util.SourceCodeAnalysisException: java.lang.IllegalStateException: Source classes should be created separately before referencing
	at org.jetbrains.kotlin.util.AnalysisExceptionsKt.wrapIntoSourceCodeAnalysisExceptionIfNeeded(AnalysisExceptions.kt:27)
	at org.jetbrains.kotlin.fir.FirCliExceptionHandler.handleExceptionOnElementAnalysis(Utils.kt:176)
	at org.jetbrains.kotlin.fir.backend.Fir2IrVisitor.convertQualifiedAccessExpression(Fir2IrVisitor.kt:2142)
	at org.jetbrains.kotlin.fir.backend.Fir2IrVisitor.visitPropertyAccessExpression(Fir2IrVisitor.kt:650)
	at org.jetbrains.kotlin.fir.backend.Fir2IrVisitor.visitPropertyAccessExpression(Fir2IrVisitor.kt:62)
	at org.jetbrains.kotlin.fir.expressions.FirPropertyAccessExpression.accept(FirPropertyAccessExpression.kt:38)
	at org.jetbrains.kotlin.fir.backend.Fir2IrVisitor.convertToIrExpression$fir2ir(Fir2IrVisitor.kt:927)
	at org.jetbrains.kotlin.fir.backend.Fir2IrVisitor.convertToIrExpression$fir2ir$default(Fir2IrVisitor.kt:898)
	at org.jetbrains.kotlin.fir.backend.Fir2IrVisitor.convertToIrReceiverExpression$fir2ir(Fir2IrVisitor.kt:958)
	at org.jetbrains.kotlin.fir.backend.Fir2IrVisitor.convertQualifiedAccessExpression(Fir2IrVisitor.kt:656)
	at org.jetbrains.kotlin.fir.backend.Fir2IrVisitor.visitPropertyAccessExpression(Fir2IrVisitor.kt:650)
	at org.jetbrains.kotlin.fir.backend.Fir2IrVisitor.visitPropertyAccessExpression(Fir2IrVisitor.kt:62)
	at org.jetbrains.kotlin.fir.expressions.FirPropertyAccessExpression.accept(FirPropertyAccessExpression.kt:38)
	at org.jetbrains.kotlin.fir.backend.Fir2IrVisitor.convertToIrExpression$fir2ir(Fir2IrVisitor.kt:927)
	at org.jetbrains.kotlin.fir.backend.Fir2IrVisitor.convertToIrExpression$fir2ir$default(Fir2IrVisitor.kt:898)
	at org.jetbrains.kotlin.fir.backend.Fir2IrVisitor.visitLocalVariable(Fir2IrVisitor.kt:482)
	at org.jetbrains.kotlin.fir.backend.Fir2IrVisitor.visitProperty(Fir2IrVisitor.kt:499)
	at org.jetbrains.kotlin.fir.backend.Fir2IrVisitor.visitProperty(Fir2IrVisitor.kt:62)
	at org.jetbrains.kotlin.fir.declarations.FirProperty.accept(FirProperty.kt:58)
	at org.jetbrains.kotlin.fir.backend.Fir2IrVisitor.toIrStatement(Fir2IrVisitor.kt:895)
	at org.jetbrains.kotlin.fir.backend.Fir2IrVisitor.mapToIrStatements(Fir2IrVisitor.kt:992)
	at org.jetbrains.kotlin.fir.backend.Fir2IrVisitor.mapToIrStatements$default(Fir2IrVisitor.kt:971)
	at org.jetbrains.kotlin.fir.backend.Fir2IrVisitor.convertToIrBlock(Fir2IrVisitor.kt:1156)
	at org.jetbrains.kotlin.fir.backend.Fir2IrVisitor.convertToIrExpressionOrBlock(Fir2IrVisitor.kt:1116)
	at org.jetbrains.kotlin.fir.backend.Fir2IrVisitor.convertToIrExpression$fir2ir(Fir2IrVisitor.kt:916)
	at org.jetbrains.kotlin.fir.backend.Fir2IrVisitor.convertToIrExpression$fir2ir$default(Fir2IrVisitor.kt:898)
	at org.jetbrains.kotlin.fir.backend.Fir2IrVisitor.toIrWhenBranch(Fir2IrVisitor.kt:1363)
	at org.jetbrains.kotlin.fir.backend.Fir2IrVisitor.convertWhenBranchesTo(Fir2IrVisitor.kt:1314)
	at org.jetbrains.kotlin.fir.backend.Fir2IrVisitor.visitWhenExpression(Fir2IrVisitor.kt:1257)
	at org.jetbrains.kotlin.fir.backend.Fir2IrVisitor.visitWhenExpression(Fir2IrVisitor.kt:62)
	at org.jetbrains.kotlin.fir.expressions.FirWhenExpression.accept(FirWhenExpression.kt:35)
	at org.jetbrains.kotlin.fir.backend.Fir2IrVisitor.toIrStatement(Fir2IrVisitor.kt:895)
	at org.jetbrains.kotlin.fir.backend.Fir2IrVisitor.mapToIrStatements(Fir2IrVisitor.kt:992)
	at org.jetbrains.kotlin.fir.backend.Fir2IrVisitor.mapToIrStatements$default(Fir2IrVisitor.kt:971)
	at org.jetbrains.kotlin.fir.backend.Fir2IrVisitor.convertToIrBlock(Fir2IrVisitor.kt:1156)
	at org.jetbrains.kotlin.fir.backend.Fir2IrVisitor.convertToIrExpressionOrBlock(Fir2IrVisitor.kt:1116)
	at org.jetbrains.kotlin.fir.backend.Fir2IrVisitor.convertToIrExpression$fir2ir(Fir2IrVisitor.kt:916)
	at org.jetbrains.kotlin.fir.backend.Fir2IrVisitor.convertToIrExpression$fir2ir$default(Fir2IrVisitor.kt:898)
	at org.jetbrains.kotlin.fir.backend.Fir2IrVisitor.toIrWhenBranch(Fir2IrVisitor.kt:1363)
	at org.jetbrains.kotlin.fir.backend.Fir2IrVisitor.convertWhenBranchesTo(Fir2IrVisitor.kt:1314)
	at org.jetbrains.kotlin.fir.backend.Fir2IrVisitor.visitWhenExpression(Fir2IrVisitor.kt:1257)
	at org.jetbrains.kotlin.fir.backend.Fir2IrVisitor.visitWhenExpression(Fir2IrVisitor.kt:62)
	at org.jetbrains.kotlin.fir.expressions.FirWhenExpression.accept(FirWhenExpression.kt:35)
	at org.jetbrains.kotlin.fir.backend.Fir2IrVisitor.toIrStatement(Fir2IrVisitor.kt:895)
	at org.jetbrains.kotlin.fir.backend.Fir2IrVisitor.mapToIrStatements(Fir2IrVisitor.kt:992)
	at org.jetbrains.kotlin.fir.backend.Fir2IrVisitor.mapToIrStatements$default(Fir2IrVisitor.kt:971)
	at org.jetbrains.kotlin.fir.backend.Fir2IrVisitor.convertToIrBlockBody$fir2ir(Fir2IrVisitor.kt:1010)
	at org.jetbrains.kotlin.fir.backend.generators.ClassMemberGenerator.convertFunctionContent(ClassMemberGenerator.kt:200)
	at org.jetbrains.kotlin.fir.backend.Fir2IrVisitor.visitAnonymousFunction(Fir2IrVisitor.kt:435)
	at org.jetbrains.kotlin.fir.backend.Fir2IrVisitor.visitAnonymousFunctionExpression(Fir2IrVisitor.kt:420)
	at org.jetbrains.kotlin.fir.backend.Fir2IrVisitor.visitAnonymousFunctionExpression(Fir2IrVisitor.kt:62)
	at org.jetbrains.kotlin.fir.expressions.FirAnonymousFunctionExpression.accept(FirAnonymousFunctionExpression.kt:30)
	at org.jetbrains.kotlin.fir.backend.Fir2IrVisitor.convertToIrExpression$fir2ir(Fir2IrVisitor.kt:927)
	at org.jetbrains.kotlin.fir.backend.Fir2IrVisitor.convertToIrExpression$fir2ir$default(Fir2IrVisitor.kt:898)
	at org.jetbrains.kotlin.fir.backend.generators.CallAndReferenceGenerator.convertArgument(CallAndReferenceGenerator.kt:1070)
	at org.jetbrains.kotlin.fir.backend.generators.CallAndReferenceGenerator.applyArgumentsWithReorderingIfNeeded(CallAndReferenceGenerator.kt:991)
	at org.jetbrains.kotlin.fir.backend.generators.CallAndReferenceGenerator.applyCallArguments$fir2ir(CallAndReferenceGenerator.kt:918)
	at org.jetbrains.kotlin.fir.backend.generators.CallAndReferenceGenerator.convertToIrCall(CallAndReferenceGenerator.kt:568)
	... 99 more
Caused by: java.lang.IllegalStateException: Source classes should be created separately before referencing
	at org.jetbrains.kotlin.fir.backend.Fir2IrClassifierStorage.getIrClass(Fir2IrClassifierStorage.kt:213)
	at org.jetbrains.kotlin.fir.backend.Fir2IrClassifierStorage.getIrClassSymbol(Fir2IrClassifierStorage.kt:238)
	at org.jetbrains.kotlin.fir.backend.ConversionUtilsKt.toSymbol(ConversionUtils.kt:194)
	at org.jetbrains.kotlin.fir.backend.Fir2IrTypeConverter.toIrType(Fir2IrTypeConverter.kt:111)
	at org.jetbrains.kotlin.fir.backend.Fir2IrTypeConverter.toIrType$default(Fir2IrTypeConverter.kt:95)
	at org.jetbrains.kotlin.fir.backend.Fir2IrTypeConverterKt.toIrType(Fir2IrTypeConverter.kt:369)
	at org.jetbrains.kotlin.fir.backend.Fir2IrImplicitCastInserter.implicitCastOrExpression(Fir2IrImplicitCastInserter.kt:360)
	at org.jetbrains.kotlin.fir.backend.Fir2IrImplicitCastInserter.implicitCastOrExpression$default(Fir2IrImplicitCastInserter.kt:357)
	at org.jetbrains.kotlin.fir.backend.Fir2IrImplicitCastInserter.visitSmartCastExpression(Fir2IrImplicitCastInserter.kt:293)
	at org.jetbrains.kotlin.fir.backend.Fir2IrVisitor.visitSmartCastExpression(Fir2IrVisitor.kt:842)
	at org.jetbrains.kotlin.fir.backend.Fir2IrVisitor.visitSmartCastExpression(Fir2IrVisitor.kt:62)
	at org.jetbrains.kotlin.fir.expressions.FirSmartCastExpression.accept(FirSmartCastExpression.kt:35)
	at org.jetbrains.kotlin.fir.backend.Fir2IrVisitor.convertToIrExpression$fir2ir(Fir2IrVisitor.kt:927)
	at org.jetbrains.kotlin.fir.backend.Fir2IrVisitor.convertToIrExpression$fir2ir$default(Fir2IrVisitor.kt:898)
	at org.jetbrains.kotlin.fir.backend.Fir2IrVisitor.convertToIrReceiverExpression$fir2ir(Fir2IrVisitor.kt:946)
	at org.jetbrains.kotlin.fir.backend.Fir2IrVisitor.convertQualifiedAccessExpression(Fir2IrVisitor.kt:656)
	... 154 more


